#
# There is insufficient memory for the Java Runtime Environment to continue.
# Native memory allocation (malloc) failed to allocate 32744 bytes for ChunkPool::allocate
# Possible reasons:
#   The system is out of physical RAM or swap space
#   In 32 bit mode, the process size limit was hit
# Possible solutions:
#   Reduce memory load on the system
#   Increase physical memory or swap space
#   Check if swap backing store is full
#   Use 64 bit Java on a 64 bit OS
#   Decrease Java heap size (-Xmx/-Xms)
#   Decrease number of Java threads
#   Decrease Java thread stack sizes (-Xss)
#   Set larger code cache with -XX:ReservedCodeCacheSize=
# This output file may be truncated or incomplete.
#
#  Out of Memory Error (allocation.cpp:273), pid=8476, tid=0x0000000000002a5c
#
# JRE version: Java(TM) SE Runtime Environment (8.0_161-b12) (build 1.8.0_161-b12)
# Java VM: Java HotSpot(TM) 64-Bit Server VM (25.161-b12 mixed mode windows-amd64 compressed oops)
# Failed to write core dump. Minidumps are not enabled by default on client versions of Windows
#

---------------  T H R E A D  ---------------

Current thread (0x000000001cefe800):  JavaThread "C1 CompilerThread3" daemon [_thread_in_native, id=10844, stack(0x000000001d8b0000,0x000000001d9b0000)]

Stack: [0x000000001d8b0000,0x000000001d9b0000]
[error occurred during error reporting (printing stack bounds), id 0xc0000005]

Native frames: (J=compiled Java code, j=interpreted, Vv=VM code, C=native code)


Current CompileTask:
C1:  16171 2165       1       org.springframework.asm.ClassReader::readCode (5085 bytes)


---------------  P R O C E S S  ---------------

Java Threads: ( => current thread )
  0x000000001e380000 JavaThread "Keep-Alive-Timer" daemon [_thread_blocked, id=5952, stack(0x000000001f750000,0x000000001f850000)]
  0x000000001e752000 JavaThread "spring.cloud.inetutils" daemon [_thread_in_native, id=744, stack(0x000000001fc50000,0x000000001fd50000)]
  0x000000001c601800 JavaThread "RMI Scheduler(0)" daemon [_thread_blocked, id=2212, stack(0x000000001f650000,0x000000001f750000)]
  0x000000001d3c0000 JavaThread "RMI TCP Connection(idle)" daemon [_thread_blocked, id=16412, stack(0x000000001df80000,0x000000001e080000)]
  0x000000001d1aa800 JavaThread "RMI TCP Accept-0" daemon [_thread_in_native, id=13600, stack(0x000000001dad0000,0x000000001dbd0000)]
  0x000000001cf33800 JavaThread "Service Thread" daemon [_thread_blocked, id=16816, stack(0x000000001d9b0000,0x000000001dab0000)]
=>0x000000001cefe800 JavaThread "C1 CompilerThread3" daemon [_thread_in_native, id=10844, stack(0x000000001d8b0000,0x000000001d9b0000)]
  0x000000001cef2000 JavaThread "C2 CompilerThread2" daemon [_thread_blocked, id=18520, stack(0x000000001d7b0000,0x000000001d8b0000)]
  0x000000001ce46800 JavaThread "C2 CompilerThread1" daemon [_thread_blocked, id=15664, stack(0x000000001d6b0000,0x000000001d7b0000)]
  0x000000001ce45800 JavaThread "C2 CompilerThread0" daemon [_thread_blocked, id=1868, stack(0x000000001d5b0000,0x000000001d6b0000)]
  0x000000001cedb800 JavaThread "Monitor Ctrl-Break" daemon [_thread_in_native, id=5012, stack(0x000000001d4b0000,0x000000001d5b0000)]
  0x000000001a65e800 JavaThread "Attach Listener" daemon [_thread_blocked, id=18900, stack(0x000000001cbb0000,0x000000001ccb0000)]
  0x000000001c595800 JavaThread "Signal Dispatcher" daemon [_thread_blocked, id=7248, stack(0x000000001cab0000,0x000000001cbb0000)]
  0x000000001a655800 JavaThread "Finalizer" daemon [_thread_blocked, id=7388, stack(0x000000001c950000,0x000000001ca50000)]
  0x000000001a64f000 JavaThread "Reference Handler" daemon [_thread_blocked, id=2848, stack(0x000000001c450000,0x000000001c550000)]
  0x0000000002ea9800 JavaThread "main" [_thread_in_vm, id=1512, stack(0x0000000002d70000,0x0000000002e70000)]

Other Threads:
  0x0000000002f9e800 VMThread [stack: 0x000000001c350000,0x000000001c450000] [id=1528]
  0x000000001d1ae000 WatcherThread [stack: 0x000000001dbd0000,0x000000001dcd0000] [id=12428]

VM state:not at safepoint (normal execution)

VM Mutex/Monitor currently owned by a thread: None

Heap:
 PSYoungGen      total 106496K, used 95814K [0x0000000780780000, 0x0000000787780000, 0x00000007c0000000)
  eden space 98304K, 97% used [0x0000000780780000,0x0000000786511870,0x0000000786780000)
  from space 8192K, 0% used [0x0000000786780000,0x0000000786780000,0x0000000786f80000)
  to   space 8192K, 0% used [0x0000000786f80000,0x0000000786f80000,0x0000000787780000)
 ParOldGen       total 76288K, used 9944K [0x0000000701600000, 0x0000000706080000, 0x0000000780780000)
  object space 76288K, 13% used [0x0000000701600000,0x0000000701fb6248,0x0000000706080000)
 Metaspace       used 25047K, capacity 26000K, committed 26240K, reserved 1073152K
  class space    used 3367K, capacity 3592K, committed 3712K, reserved 1048576K

Card table byte_map: [0x0000000012510000,0x0000000012b10000] byte_map_base: 0x000000000ed05000

Marking Bits: (ParMarkBitMap*) 0x000000005b2cf860
 Begin Bits: [0x0000000013710000, 0x00000000166b8000)
 End Bits:   [0x00000000166b8000, 0x0000000019660000)

Polling page: 0x0000000001240000

CodeCache: size=245760Kb used=4575Kb max_used=4575Kb free=241184Kb
 bounds [0x0000000003150000, 0x00000000035d0000, 0x0000000012150000]
 total_blobs=2602 nmethods=2164 adapters=350
 compilation: enabled

Compilation events (10 events):
Event: 16.081 Thread 0x000000001cefe800 nmethod 2162 0x00000000035c5f10 code [0x00000000035c6120, 0x00000000035c69d8]
Event: 16.081 Thread 0x000000001cefe800 2160       1       org.springframework.asm.ClassReader::createLabel (21 bytes)
Event: 16.081 Thread 0x000000001cefe800 nmethod 2160 0x00000000035c6f10 code [0x00000000035c7080, 0x00000000035c7330]
Event: 16.081 Thread 0x000000001cefe800 2161       1       org.springframework.asm.ClassReader::readLabel (34 bytes)
Event: 16.082 Thread 0x000000001cefe800 nmethod 2161 0x00000000035c7510 code [0x00000000035c7680, 0x00000000035c7910]
Event: 16.082 Thread 0x000000001cefe800 2163       1       java.net.URL::openConnection (9 bytes)
Event: 16.082 Thread 0x000000001cefe800 nmethod 2163 0x00000000035c7a50 code [0x00000000035c7ba0, 0x00000000035c7ce8]
Event: 16.082 Thread 0x000000001cefe800 2164       1       java.net.JarURLConnection::getJarFileURL (5 bytes)
Event: 16.082 Thread 0x000000001cefe800 nmethod 2164 0x00000000035c7d50 code [0x00000000035c7ea0, 0x00000000035c7fb0]
Event: 16.083 Thread 0x000000001cefe800 2165       1       org.springframework.asm.ClassReader::readCode (5085 bytes)

GC Heap History (8 events):
Event: 3.484 GC heap before
{Heap before GC invocations=1 (full 0):
 PSYoungGen      total 57344K, used 49152K [0x0000000780780000, 0x0000000784780000, 0x00000007c0000000)
  eden space 49152K, 100% used [0x0000000780780000,0x0000000783780000,0x0000000783780000)
  from space 8192K, 0% used [0x0000000783f80000,0x0000000783f80000,0x0000000784780000)
  to   space 8192K, 0% used [0x0000000783780000,0x0000000783780000,0x0000000783f80000)
 ParOldGen       total 131072K, used 0K [0x0000000701600000, 0x0000000709600000, 0x0000000780780000)
  object space 131072K, 0% used [0x0000000701600000,0x0000000701600000,0x0000000709600000)
 Metaspace       used 11289K, capacity 11568K, committed 11776K, reserved 1058816K
  class space    used 1377K, capacity 1448K, committed 1536K, reserved 1048576K
Event: 3.532 GC heap after
Heap after GC invocations=1 (full 0):
 PSYoungGen      total 57344K, used 5320K [0x0000000780780000, 0x0000000787780000, 0x00000007c0000000)
  eden space 49152K, 0% used [0x0000000780780000,0x0000000780780000,0x0000000783780000)
  from space 8192K, 64% used [0x0000000783780000,0x0000000783cb23e8,0x0000000783f80000)
  to   space 8192K, 0% used [0x0000000786f80000,0x0000000786f80000,0x0000000787780000)
 ParOldGen       total 131072K, used 16K [0x0000000701600000, 0x0000000709600000, 0x0000000780780000)
  object space 131072K, 0% used [0x0000000701600000,0x0000000701604000,0x0000000709600000)
 Metaspace       used 11289K, capacity 11568K, committed 11776K, reserved 1058816K
  class space    used 1377K, capacity 1448K, committed 1536K, reserved 1048576K
}
Event: 4.339 GC heap before
{Heap before GC invocations=2 (full 0):
 PSYoungGen      total 57344K, used 54472K [0x0000000780780000, 0x0000000787780000, 0x00000007c0000000)
  eden space 49152K, 100% used [0x0000000780780000,0x0000000783780000,0x0000000783780000)
  from space 8192K, 64% used [0x0000000783780000,0x0000000783cb23e8,0x0000000783f80000)
  to   space 8192K, 0% used [0x0000000786f80000,0x0000000786f80000,0x0000000787780000)
 ParOldGen       total 131072K, used 16K [0x0000000701600000, 0x0000000709600000, 0x0000000780780000)
  object space 131072K, 0% used [0x0000000701600000,0x0000000701604000,0x0000000709600000)
 Metaspace       used 14720K, capacity 15106K, committed 15360K, reserved 1062912K
  class space    used 1918K, capacity 2039K, committed 2048K, reserved 1048576K
Event: 4.347 GC heap after
Heap after GC invocations=2 (full 0):
 PSYoungGen      total 106496K, used 7077K [0x0000000780780000, 0x0000000787780000, 0x00000007c0000000)
  eden space 98304K, 0% used [0x0000000780780000,0x0000000780780000,0x0000000786780000)
  from space 8192K, 86% used [0x0000000786f80000,0x00000007876696d0,0x0000000787780000)
  to   space 8192K, 0% used [0x0000000786780000,0x0000000786780000,0x0000000786f80000)
 ParOldGen       total 131072K, used 24K [0x0000000701600000, 0x0000000709600000, 0x0000000780780000)
  object space 131072K, 0% used [0x0000000701600000,0x0000000701606000,0x0000000709600000)
 Metaspace       used 14720K, capacity 15106K, committed 15360K, reserved 1062912K
  class space    used 1918K, capacity 2039K, committed 2048K, reserved 1048576K
}
Event: 8.290 GC heap before
{Heap before GC invocations=3 (full 0):
 PSYoungGen      total 106496K, used 98044K [0x0000000780780000, 0x0000000787780000, 0x00000007c0000000)
  eden space 98304K, 92% used [0x0000000780780000,0x0000000786055c48,0x0000000786780000)
  from space 8192K, 86% used [0x0000000786f80000,0x00000007876696d0,0x0000000787780000)
  to   space 8192K, 0% used [0x0000000786780000,0x0000000786780000,0x0000000786f80000)
 ParOldGen       total 131072K, used 24K [0x0000000701600000, 0x0000000709600000, 0x0000000780780000)
  object space 131072K, 0% used [0x0000000701600000,0x0000000701606000,0x0000000709600000)
 Metaspace       used 20588K, capacity 21254K, committed 21296K, reserved 1067008K
  class space    used 2745K, capacity 2923K, committed 2944K, reserved 1048576K
Event: 8.300 GC heap after
Heap after GC invocations=3 (full 0):
 PSYoungGen      total 106496K, used 8174K [0x0000000780780000, 0x0000000787780000, 0x00000007c0000000)
  eden space 98304K, 0% used [0x0000000780780000,0x0000000780780000,0x0000000786780000)
  from space 8192K, 99% used [0x0000000786780000,0x0000000786f7bb70,0x0000000786f80000)
  to   space 8192K, 0% used [0x0000000786f80000,0x0000000786f80000,0x0000000787780000)
 ParOldGen       total 131072K, used 2220K [0x0000000701600000, 0x0000000709600000, 0x0000000780780000)
  object space 131072K, 1% used [0x0000000701600000,0x000000070182b0b8,0x0000000709600000)
 Metaspace       used 20588K, capacity 21254K, committed 21296K, reserved 1067008K
  class space    used 2745K, capacity 2923K, committed 2944K, reserved 1048576K
}
Event: 8.300 GC heap before
{Heap before GC invocations=4 (full 1):
 PSYoungGen      total 106496K, used 8174K [0x0000000780780000, 0x0000000787780000, 0x00000007c0000000)
  eden space 98304K, 0% used [0x0000000780780000,0x0000000780780000,0x0000000786780000)
  from space 8192K, 99% used [0x0000000786780000,0x0000000786f7bb70,0x0000000786f80000)
  to   space 8192K, 0% used [0x0000000786f80000,0x0000000786f80000,0x0000000787780000)
 ParOldGen       total 131072K, used 2220K [0x0000000701600000, 0x0000000709600000, 0x0000000780780000)
  object space 131072K, 1% used [0x0000000701600000,0x000000070182b0b8,0x0000000709600000)
 Metaspace       used 20588K, capacity 21254K, committed 21296K, reserved 1067008K
  class space    used 2745K, capacity 2923K, committed 2944K, reserved 1048576K
Event: 8.331 GC heap after
Heap after GC invocations=4 (full 1):
 PSYoungGen      total 106496K, used 0K [0x0000000780780000, 0x0000000787780000, 0x00000007c0000000)
  eden space 98304K, 0% used [0x0000000780780000,0x0000000780780000,0x0000000786780000)
  from space 8192K, 0% used [0x0000000786780000,0x0000000786780000,0x0000000786f80000)
  to   space 8192K, 0% used [0x0000000786f80000,0x0000000786f80000,0x0000000787780000)
 ParOldGen       total 76288K, used 9944K [0x0000000701600000, 0x0000000706080000, 0x0000000780780000)
  object space 76288K, 13% used [0x0000000701600000,0x0000000701fb6248,0x0000000706080000)
 Metaspace       used 20586K, capacity 21248K, committed 21296K, reserved 1067008K
  class space    used 2744K, capacity 2922K, committed 2944K, reserved 1048576K
}

Deoptimization events (0 events):
No events

Classes redefined (0 events):
No events

Internal exceptions (10 events):
Event: 15.954 Thread 0x0000000002ea9800 Exception <a 'java/lang/ClassNotFoundException': org/springframework/beans/factory/BeanClassLoaderAwareCustomizer> (0x0000000785417000) thrown at [C:\re\workspace\8-2-build-windows-amd64-cygwin\jdk8u161\10277\hotspot\src\share\vm\classfile\systemDictionar
Event: 15.954 Thread 0x0000000002ea9800 Exception <a 'java/lang/ClassNotFoundException': org/springframework/beans/factory/AwareCustomizer> (0x00000007854360f8) thrown at [C:\re\workspace\8-2-build-windows-amd64-cygwin\jdk8u161\10277\hotspot\src\share\vm\classfile\systemDictionary.cpp, line 210
Event: 15.955 Thread 0x0000000002ea9800 Exception <a 'java/lang/ClassNotFoundException': org/springframework/context/EnvironmentAwareCustomizer> (0x00000007854560d8) thrown at [C:\re\workspace\8-2-build-windows-amd64-cygwin\jdk8u161\10277\hotspot\src\share\vm\classfile\systemDictionary.cpp, lin
Event: 15.956 Thread 0x0000000002ea9800 Exception <a 'java/lang/ClassNotFoundException': org/springframework/beans/factory/AwareCustomizer> (0x00000007854750b0) thrown at [C:\re\workspace\8-2-build-windows-amd64-cygwin\jdk8u161\10277\hotspot\src\share\vm\classfile\systemDictionary.cpp, line 210
Event: 15.964 Thread 0x0000000002ea9800 Exception <a 'java/lang/NoSuchMethodError': java.lang.Object.lambda$comparing$77a9974f$1(Ljava/util/function/Function;Ljava/lang/Object;Ljava/lang/Object;)I> (0x00000007854c9e80) thrown at [C:\re\workspace\8-2-build-windows-amd64-cygwin\jdk8u161\10277\hot
Event: 16.043 Thread 0x0000000002ea9800 Exception <a 'java/lang/NoClassDefFoundError': javax/servlet/Filter> (0x0000000785e9b1f8) thrown at [C:\re\workspace\8-2-build-windows-amd64-cygwin\jdk8u161\10277\hotspot\src\share\vm\classfile\systemDictionary.cpp, line 199]
Event: 16.043 Thread 0x0000000002ea9800 Exception <a 'java/lang/NoClassDefFoundError'> (0x0000000785e9b1f8) thrown at [C:\re\workspace\8-2-build-windows-amd64-cygwin\jdk8u161\10277\hotspot\src\share\vm\prims\jvm.cpp, line 1394]
Event: 16.043 Thread 0x0000000002ea9800 Exception <a 'java/lang/NoClassDefFoundError'> (0x0000000785e9b1f8) thrown at [C:\re\workspace\8-2-build-windows-amd64-cygwin\jdk8u161\10277\hotspot\src\share\vm\prims\jvm.cpp, line 1394]
Event: 16.043 Thread 0x0000000002ea9800 Exception <a 'java/lang/NoClassDefFoundError'> (0x0000000785e9b1f8) thrown at [C:\re\workspace\8-2-build-windows-amd64-cygwin\jdk8u161\10277\hotspot\src\share\vm\prims\jvm.cpp, line 1394]
Event: 16.065 Thread 0x0000000002ea9800 Exception <a 'java/lang/IncompatibleClassChangeError': Found class java.lang.Object, but interface was expected> (0x00000007861bb588) thrown at [C:\re\workspace\8-2-build-windows-amd64-cygwin\jdk8u161\10277\hotspot\src\share\vm\interpreter\linkResolver.cp

Events (10 events):
Event: 16.071 loading class org/springframework/cloud/netflix/ribbon/RibbonClient
Event: 16.071 loading class org/springframework/cloud/netflix/ribbon/RibbonClient done
Event: 16.072 loading class org/springframework/cloud/netflix/ribbon/RibbonClientConfigurationRegistrar
Event: 16.072 loading class org/springframework/cloud/netflix/ribbon/RibbonClientConfigurationRegistrar done
Event: 16.073 loading class org/springframework/boot/autoconfigure/AutoConfigureAfter
Event: 16.073 loading class org/springframework/boot/autoconfigure/AutoConfigureAfter done
Event: 16.074 loading class org/springframework/boot/autoconfigure/AutoConfigureBefore
Event: 16.074 loading class org/springframework/boot/autoconfigure/AutoConfigureBefore done
Event: 16.083 loading class org/springframework/core/type/classreading/ClassMetadataReadingVisitor$EmptyMethodVisitor
Event: 16.083 loading class org/springframework/core/type/classreading/ClassMetadataReadingVisitor$EmptyMethodVisitor done


Dynamic libraries:
0x00007ff7e8b70000 - 0x00007ff7e8ba7000 	D:\Program Files\Java\jdk1.8.0_161\bin\java.exe
0x00007ffc2a3c0000 - 0x00007ffc2a5b0000 	C:\WINDOWS\SYSTEM32\ntdll.dll
0x00007ffc28c40000 - 0x00007ffc28cf2000 	C:\WINDOWS\System32\KERNEL32.DLL
0x00007ffc274f0000 - 0x00007ffc27793000 	C:\WINDOWS\System32\KERNELBASE.dll
0x00007ffc2a180000 - 0x00007ffc2a223000 	C:\WINDOWS\System32\ADVAPI32.dll
0x00007ffc28d00000 - 0x00007ffc28d9e000 	C:\WINDOWS\System32\msvcrt.dll
0x00007ffc28ba0000 - 0x00007ffc28c37000 	C:\WINDOWS\System32\sechost.dll
0x00007ffc28470000 - 0x00007ffc28590000 	C:\WINDOWS\System32\RPCRT4.dll
0x00007ffc28590000 - 0x00007ffc28723000 	C:\WINDOWS\System32\USER32.dll
0x00007ffc277a0000 - 0x00007ffc277c1000 	C:\WINDOWS\System32\win32u.dll
0x00007ffc29bc0000 - 0x00007ffc29be6000 	C:\WINDOWS\System32\GDI32.dll
0x00007ffc27350000 - 0x00007ffc274e4000 	C:\WINDOWS\System32\gdi32full.dll
0x00007ffc28230000 - 0x00007ffc282ce000 	C:\WINDOWS\System32\msvcp_win.dll
0x00007ffc28130000 - 0x00007ffc2822a000 	C:\WINDOWS\System32\ucrtbase.dll
0x00007ffc1e350000 - 0x00007ffc1e5d5000 	C:\WINDOWS\WinSxS\amd64_microsoft.windows.common-controls_6595b64144ccf1df_6.0.18362.356_none_e6c4af7d130f27cc\COMCTL32.dll
0x00007ffc29e00000 - 0x00007ffc2a136000 	C:\WINDOWS\System32\combase.dll
0x00007ffc27f70000 - 0x00007ffc27ff0000 	C:\WINDOWS\System32\bcryptPrimitives.dll
0x00007ffc2a150000 - 0x00007ffc2a17e000 	C:\WINDOWS\System32\IMM32.DLL
0x000000005d190000 - 0x000000005d262000 	D:\Program Files\Java\jdk1.8.0_161\jre\bin\msvcr100.dll
0x000000005aab0000 - 0x000000005b34f000 	D:\Program Files\Java\jdk1.8.0_161\jre\bin\server\jvm.dll
0x00007ffc29940000 - 0x00007ffc29948000 	C:\WINDOWS\System32\PSAPI.DLL
0x00007ffc23c70000 - 0x00007ffc23c79000 	C:\WINDOWS\SYSTEM32\WSOCK32.dll
0x00007ffc29020000 - 0x00007ffc2908f000 	C:\WINDOWS\System32\WS2_32.dll
0x00007ffc22000000 - 0x00007ffc2200a000 	C:\WINDOWS\SYSTEM32\VERSION.dll
0x00007ffc24e30000 - 0x00007ffc24e54000 	C:\WINDOWS\SYSTEM32\WINMM.dll
0x00007ffc24c20000 - 0x00007ffc24c4d000 	C:\WINDOWS\SYSTEM32\winmmbase.dll
0x00007ffc282d0000 - 0x00007ffc2831a000 	C:\WINDOWS\System32\cfgmgr32.dll
0x000000005d180000 - 0x000000005d18f000 	D:\Program Files\Java\jdk1.8.0_161\jre\bin\verify.dll
0x000000005d150000 - 0x000000005d179000 	D:\Program Files\Java\jdk1.8.0_161\jre\bin\java.dll
0x000000005d120000 - 0x000000005d143000 	D:\Program Files\Java\jdk1.8.0_161\jre\bin\instrument.dll
0x000000005cda0000 - 0x000000005cdb6000 	D:\Program Files\Java\jdk1.8.0_161\jre\bin\zip.dll
0x00007ffc29250000 - 0x00007ffc29935000 	C:\WINDOWS\System32\SHELL32.dll
0x00007ffc28f50000 - 0x00007ffc28ff9000 	C:\WINDOWS\System32\shcore.dll
0x00007ffc277f0000 - 0x00007ffc27f6e000 	C:\WINDOWS\System32\windows.storage.dll
0x00007ffc272e0000 - 0x00007ffc272ff000 	C:\WINDOWS\System32\profapi.dll
0x00007ffc27300000 - 0x00007ffc2734a000 	C:\WINDOWS\System32\powrprof.dll
0x00007ffc27290000 - 0x00007ffc272a0000 	C:\WINDOWS\System32\UMPDC.dll
0x00007ffc2a240000 - 0x00007ffc2a292000 	C:\WINDOWS\System32\shlwapi.dll
0x00007ffc272a0000 - 0x00007ffc272b1000 	C:\WINDOWS\System32\kernel.appcore.dll
0x00007ffc277d0000 - 0x00007ffc277e7000 	C:\WINDOWS\System32\cryptsp.dll
0x00007ffc20040000 - 0x00007ffc2005a000 	D:\IDEA\IntelliJ IDEA 2019.1.3\bin\breakgen64.dll
0x000000005cd80000 - 0x000000005cd9a000 	D:\Program Files\Java\jdk1.8.0_161\jre\bin\net.dll
0x00007ffc26a70000 - 0x00007ffc26ad7000 	C:\WINDOWS\system32\mswsock.dll
0x00007ffc26810000 - 0x00007ffc268da000 	C:\WINDOWS\SYSTEM32\DNSAPI.dll
0x00007ffc2a230000 - 0x00007ffc2a238000 	C:\WINDOWS\System32\NSI.dll
0x00007ffc26780000 - 0x00007ffc267ba000 	C:\WINDOWS\SYSTEM32\IPHLPAPI.DLL
0x00007ffc1b480000 - 0x00007ffc1b48a000 	C:\Windows\System32\rasadhlp.dll
0x00007ffc22030000 - 0x00007ffc220a7000 	C:\WINDOWS\System32\fwpuclnt.dll
0x00007ffc28050000 - 0x00007ffc28076000 	C:\WINDOWS\System32\bcrypt.dll
0x000000005d110000 - 0x000000005d11d000 	D:\Program Files\Java\jdk1.8.0_161\jre\bin\management.dll
0x000000005cd60000 - 0x000000005cd71000 	D:\Program Files\Java\jdk1.8.0_161\jre\bin\nio.dll
0x00007ffc265e0000 - 0x00007ffc26613000 	C:\WINDOWS\system32\rsaenh.dll
0x00007ffc271b0000 - 0x00007ffc271d5000 	C:\WINDOWS\SYSTEM32\USERENV.dll
0x00007ffc26c40000 - 0x00007ffc26c4c000 	C:\WINDOWS\SYSTEM32\CRYPTBASE.dll
0x00007ffc22630000 - 0x00007ffc22646000 	C:\WINDOWS\SYSTEM32\dhcpcsvc6.DLL
0x00007ffc22120000 - 0x00007ffc2213c000 	C:\WINDOWS\SYSTEM32\dhcpcsvc.DLL
0x00007ffc12bf0000 - 0x00007ffc12c06000 	C:\WINDOWS\system32\napinsp.dll
0x00007ffc12bd0000 - 0x00007ffc12bea000 	C:\WINDOWS\system32\pnrpnsp.dll
0x00007ffc12bc0000 - 0x00007ffc12bce000 	C:\WINDOWS\System32\winrnr.dll
0x00007ffc23c10000 - 0x00007ffc23c2c000 	C:\WINDOWS\system32\NLAapi.dll
0x00007ffc12ba0000 - 0x00007ffc12bb5000 	C:\WINDOWS\system32\wshbth.dll

VM Arguments:
jvm_args: -XX:TieredStopAtLevel=1 -Xverify:none -Dspring.output.ansi.enabled=always -Dcom.sun.management.jmxremote -Dspring.jmx.enabled=true -Dspring.liveBeansView.mbeanDomain -Dspring.application.admin.enabled=true -javaagent:D:\IDEA\IntelliJ IDEA 2019.1.3\lib\idea_rt.jar=6863:D:\IDEA\IntelliJ IDEA 2019.1.3\bin -Dfile.encoding=UTF-8 
java_command: com.qf.shop_gateway.ShopGatewayApplication
java_class_path (initial): D:\Program Files\Java\jdk1.8.0_161\jre\lib\charsets.jar;D:\Program Files\Java\jdk1.8.0_161\jre\lib\deploy.jar;D:\Program Files\Java\jdk1.8.0_161\jre\lib\ext\access-bridge-64.jar;D:\Program Files\Java\jdk1.8.0_161\jre\lib\ext\cldrdata.jar;D:\Program Files\Java\jdk1.8.0_161\jre\lib\ext\dnsns.jar;D:\Program Files\Java\jdk1.8.0_161\jre\lib\ext\jaccess.jar;D:\Program Files\Java\jdk1.8.0_161\jre\lib\ext\jfxrt.jar;D:\Program Files\Java\jdk1.8.0_161\jre\lib\ext\localedata.jar;D:\Program Files\Java\jdk1.8.0_161\jre\lib\ext\nashorn.jar;D:\Program Files\Java\jdk1.8.0_161\jre\lib\ext\sunec.jar;D:\Program Files\Java\jdk1.8.0_161\jre\lib\ext\sunjce_provider.jar;D:\Program Files\Java\jdk1.8.0_161\jre\lib\ext\sunmscapi.jar;D:\Program Files\Java\jdk1.8.0_161\jre\lib\ext\sunpkcs11.jar;D:\Program Files\Java\jdk1.8.0_161\jre\lib\ext\zipfs.jar;D:\Program Files\Java\jdk1.8.0_161\jre\lib\javaws.jar;D:\Program Files\Java\jdk1.8.0_161\jre\lib\jce.jar;D:\Program Files\Java\jdk1.8.0_161\jre\lib\jfr.jar;D:\Program Files\Java\jdk1.8.0_161\jre\lib\jfxswt.jar;D:\Program Files\Java\jdk1.8.0_161\jre\lib\jsse.jar;D:\Program Files\Java\jdk1.8.0_161\jre\lib\management-agent.jar;D:\Program Files\Java\jdk1.8.0_161\jre\lib\plugin.jar;D:\Program Files\Java\jdk1.8.0_161\jre\lib\resources.jar;D:\Program Files\Java\jdk1.8.0_161\jre\lib\rt.jar;E:\IDEA_Project\shop1906\shop_gateway\target\classes;D:\Maven\Maven-Center-jar\org\springframework\cloud\spring-cloud-starter-gateway\2.1.3.RELEASE\spring-cloud-starter-gateway-2.1.3.RELEASE.jar;D:\Maven\Maven-Center-jar\org\springframework\cloud\spring-cloud-gateway-core\2.1.3.RELEASE\spring-cloud-gateway-core-2.1.3.RELEASE.jar;D:\Maven\Maven-Center-jar\io\projectreactor\addons\reactor-extra\3.2.3.RELEASE\reactor-extra-3.2.3.RELEASE.jar;D:\Maven\Maven-Center-jar\io\projectreactor\reactor-core\3.2.12.RELEASE\reactor-core-3.2.12.RELEASE.jar;D:\Maven\Maven-Center-jar\org\reactivestreams\reactive-streams\1.0.3\reactive-streams-1.0.3.jar;D:\Mave
Launcher Type: SUN_STANDARD

Environment Variables:
JAVA_HOME=D:\Program Files\Java\jdk1.8.0_161
CLASSPATH=.;D:\Program Files\Java\jdk1.8.0_161\lib;D:\Program Files\Java\jdk1.8.0_161\lib\tools.jar
PATH=D:\Xftp6\;D:\Program Files\Java\jdk1.8.0_161\bin;D:\Program Files\Java\jre1.8.0_161\bin;C:\ProgramData\Oracle\Java\javapath;C:\WINDOWS\system32;C:\WINDOWS;C:\WINDOWS\System32\Wbem;C:\WINDOWS\System32\WindowsPowerShell\v1.0\;C:\Program Files (x86)\NVIDIA Corporation\PhysX\Common;C:\WINDOWS\system32;C:\WINDOWS;C:\WINDOWS\System32\Wbem;C:\WINDOWS\System32\WindowsPowerShell\v1.0\;C:\WINDOWS\System32\OpenSSH\;C:\Program Files\MySQL\MySQL Server 5.5\bin;E:\VisualSVN\bin;E:\TortoiseSVN\bin;D:\Maven\apache-maven-3.1.1\bin;D:\Git\cmd;C:\Program Files\NVIDIA Corporation\NVIDIA NvDLISR;C:\Users\83706\AppData\Local\Microsoft\WindowsApps;
USERNAME=83706
OS=Windows_NT
PROCESSOR_IDENTIFIER=Intel64 Family 6 Model 60 Stepping 3, GenuineIntel



---------------  S Y S T E M  ---------------

OS: Windows 10.0 , 64 bit Build 18362 (10.0.18362.329)

CPU:total 8 (initial active 8) (4 cores per cpu, 2 threads per core) family 6 model 60 stepping 3, cmov, cx8, fxsr, mmx, sse, sse2, sse3, ssse3, sse4.1, sse4.2, popcnt, avx, avx2, aes, clmul, erms, lzcnt, ht, tsc, tscinvbit, bmi1, bmi2

Memory: 4k page, physical 12488004k(2451920k free), swap 17730884k(7592k free)

vm_info: Java HotSpot(TM) 64-Bit Server VM (25.161-b12) for windows-amd64 JRE (1.8.0_161-b12), built on Dec 19 2017 17:52:25 by "java_re" with MS VC++ 10.0 (VS2010)

time: Wed Oct 23 19:58:50 2019
elapsed time: 16 seconds (0d 0h 0m 16s)

